<?xml version="1.0" encoding="UTF-8"?>
<testng-results skipped="0" failed="0" total="5" passed="5">
  <reporter-output>
  </reporter-output>
  <suite name="Suite" duration-ms="226883" started-at="2018-04-19T07:23:50Z" finished-at="2018-04-19T07:27:37Z">
    <groups>
    </groups>
    <test name="Mobile1" duration-ms="1460" started-at="2018-04-19T07:23:50Z" finished-at="2018-04-19T07:23:52Z">
      <class name="executionEngine.DriverScript">
        <test-method status="PASS" signature="setupDriver(java.lang.String, java.lang.String, java.lang.String, java.lang.String, java.lang.String, java.lang.String, java.lang.String, java.lang.String, java.lang.String, java.lang.String, java.lang.String, java.lang.String, java.lang.String, java.lang.String, java.lang.String, java.lang.String, java.lang.String)[pri:0, instance:executionEngine.DriverScript@43814d18]" name="setupDriver" is-config="true" duration-ms="79" started-at="2018-04-19T12:53:50Z" finished-at="2018-04-19T12:53:51Z">
          <params>
            <param index="0">
              <value>
                <![CDATA[FYCESSRG7LLZNB6P]]>
              </value>
            </param>
            <param index="1">
              <value>
                <![CDATA[Android]]>
              </value>
            </param>
            <param index="2">
              <value>
                <![CDATA[5.0.1]]>
              </value>
            </param>
            <param index="3">
              <value>
                <![CDATA[]]>
              </value>
            </param>
            <param index="4">
              <value>
                <![CDATA[]]>
              </value>
            </param>
            <param index="5">
              <value>
                <![CDATA[]]>
              </value>
            </param>
            <param index="6">
              <value>
                <![CDATA[GRID]]>
              </value>
            </param>
            <param index="7">
              <value>
                <![CDATA[]]>
              </value>
            </param>
            <param index="8">
              <value>
                <![CDATA[]]>
              </value>
            </param>
            <param index="9">
              <value>
                <![CDATA[http://127.0.0.1:4723/wd/hub]]>
              </value>
            </param>
            <param index="10">
              <value>
                <![CDATA[]]>
              </value>
            </param>
            <param index="11">
              <value>
                <![CDATA[]]>
              </value>
            </param>
            <param index="12">
              <value>
                <![CDATA[HYBRID]]>
              </value>
            </param>
            <param index="13">
              <value>
                <![CDATA[]]>
              </value>
            </param>
            <param index="14">
              <value>
                <![CDATA[Chrome]]>
              </value>
            </param>
            <param index="15">
              <value>
                <![CDATA[]]>
              </value>
            </param>
            <param index="16">
              <value>
                <![CDATA[]]>
              </value>
            </param>
          </params>
          <reporter-output>
          </reporter-output>
        </test-method> <!-- setupDriver -->
        <test-method status="PASS" signature="main_method()[pri:0, instance:executionEngine.DriverScript@43814d18]" name="main_method" duration-ms="774" started-at="2018-04-19T12:53:51Z" finished-at="2018-04-19T12:53:51Z">
          <reporter-output>
          </reporter-output>
        </test-method> <!-- main_method -->
        <test-method status="PASS" signature="shutDownSelenium()[pri:0, instance:executionEngine.DriverScript@43814d18]" name="shutDownSelenium" is-config="true" duration-ms="596" started-at="2018-04-19T12:53:51Z" finished-at="2018-04-19T12:53:52Z">
          <reporter-output>
          </reporter-output>
        </test-method> <!-- shutDownSelenium -->
      </class> <!-- executionEngine.DriverScript -->
    </test> <!-- Mobile1 -->
    <test name="Google" duration-ms="1061" started-at="2018-04-19T07:23:52Z" finished-at="2018-04-19T07:23:53Z">
      <class name="executionEngine.DriverScript">
        <test-method status="PASS" signature="setupDriver(java.lang.String, java.lang.String, java.lang.String, java.lang.String, java.lang.String, java.lang.String, java.lang.String, java.lang.String, java.lang.String, java.lang.String, java.lang.String, java.lang.String, java.lang.String, java.lang.String, java.lang.String, java.lang.String, java.lang.String)[pri:0, instance:executionEngine.DriverScript@1f554b06]" name="setupDriver" is-config="true" duration-ms="49" started-at="2018-04-19T12:53:52Z" finished-at="2018-04-19T12:53:52Z">
          <params>
            <param index="0">
              <value>
                <![CDATA[SOT8BQCESCPRE6IF]]>
              </value>
            </param>
            <param index="1">
              <value>
                <![CDATA[Andriod]]>
              </value>
            </param>
            <param index="2">
              <value>
                <![CDATA[5.0.1]]>
              </value>
            </param>
            <param index="3">
              <value>
                <![CDATA[]]>
              </value>
            </param>
            <param index="4">
              <value>
                <![CDATA[in.amazon.mShop.android.shopping]]>
              </value>
            </param>
            <param index="5">
              <value>
                <![CDATA[com.amazon.mShop.home.HomeActivity]]>
              </value>
            </param>
            <param index="6">
              <value>
                <![CDATA[GRID]]>
              </value>
            </param>
            <param index="7">
              <value>
                <![CDATA[]]>
              </value>
            </param>
            <param index="8">
              <value>
                <![CDATA[]]>
              </value>
            </param>
            <param index="9">
              <value>
                <![CDATA[http://127.0.0.1:4723/wd/hub]]>
              </value>
            </param>
            <param index="10">
              <value>
                <![CDATA[]]>
              </value>
            </param>
            <param index="11">
              <value>
                <![CDATA[]]>
              </value>
            </param>
            <param index="12">
              <value>
                <![CDATA[HYBRID]]>
              </value>
            </param>
            <param index="13">
              <value>
                <![CDATA[]]>
              </value>
            </param>
            <param index="14">
              <value>
                <![CDATA[]]>
              </value>
            </param>
            <param index="15">
              <value>
                <![CDATA[]]>
              </value>
            </param>
            <param index="16">
              <value>
                <![CDATA[]]>
              </value>
            </param>
          </params>
          <reporter-output>
          </reporter-output>
        </test-method> <!-- setupDriver -->
        <test-method status="PASS" signature="main_method()[pri:0, instance:executionEngine.DriverScript@1f554b06]" name="main_method" duration-ms="122" started-at="2018-04-19T12:53:52Z" finished-at="2018-04-19T12:53:52Z">
          <reporter-output>
          </reporter-output>
        </test-method> <!-- main_method -->
        <test-method status="PASS" signature="shutDownSelenium()[pri:0, instance:executionEngine.DriverScript@1f554b06]" name="shutDownSelenium" is-config="true" duration-ms="888" started-at="2018-04-19T12:53:52Z" finished-at="2018-04-19T12:53:53Z">
          <reporter-output>
          </reporter-output>
        </test-method> <!-- shutDownSelenium -->
      </class> <!-- executionEngine.DriverScript -->
    </test> <!-- Google -->
    <test name="chrome" duration-ms="123613" started-at="2018-04-19T07:23:53Z" finished-at="2018-04-19T07:25:57Z">
      <class name="executionEngine.DriverScript">
        <test-method status="PASS" signature="setupDriver(java.lang.String, java.lang.String, java.lang.String, java.lang.String, java.lang.String, java.lang.String, java.lang.String, java.lang.String, java.lang.String, java.lang.String, java.lang.String, java.lang.String, java.lang.String, java.lang.String, java.lang.String, java.lang.String, java.lang.String)[pri:0, instance:executionEngine.DriverScript@71bbf57e]" name="setupDriver" is-config="true" duration-ms="82" started-at="2018-04-19T12:53:53Z" finished-at="2018-04-19T12:53:53Z">
          <params>
            <param index="0">
              <value>
                <![CDATA[web]]>
              </value>
            </param>
            <param index="1">
              <value>
                <![CDATA[chrome]]>
              </value>
            </param>
            <param index="2">
              <value>
                <![CDATA[web]]>
              </value>
            </param>
            <param index="3">
              <value>
                <![CDATA[]]>
              </value>
            </param>
            <param index="4">
              <value>
                <![CDATA[]]>
              </value>
            </param>
            <param index="5">
              <value>
                <![CDATA[]]>
              </value>
            </param>
            <param index="6">
              <value>
                <![CDATA[GRID]]>
              </value>
            </param>
            <param index="7">
              <value>
                <![CDATA[]]>
              </value>
            </param>
            <param index="8">
              <value>
                <![CDATA[]]>
              </value>
            </param>
            <param index="9">
              <value>
                <![CDATA[]]>
              </value>
            </param>
            <param index="10">
              <value>
                <![CDATA[]]>
              </value>
            </param>
            <param index="11">
              <value>
                <![CDATA[]]>
              </value>
            </param>
            <param index="12">
              <value>
                <![CDATA[HYBRID]]>
              </value>
            </param>
            <param index="13">
              <value>
                <![CDATA[]]>
              </value>
            </param>
            <param index="14">
              <value>
                <![CDATA[]]>
              </value>
            </param>
            <param index="15">
              <value>
                <![CDATA[]]>
              </value>
            </param>
            <param index="16">
              <value>
                <![CDATA[]]>
              </value>
            </param>
          </params>
          <reporter-output>
          </reporter-output>
        </test-method> <!-- setupDriver -->
        <test-method status="PASS" signature="main_method()[pri:0, instance:executionEngine.DriverScript@71bbf57e]" name="main_method" duration-ms="123029" started-at="2018-04-19T12:53:53Z" finished-at="2018-04-19T12:55:56Z">
          <reporter-output>
          </reporter-output>
        </test-method> <!-- main_method -->
        <test-method status="PASS" signature="shutDownSelenium()[pri:0, instance:executionEngine.DriverScript@71bbf57e]" name="shutDownSelenium" is-config="true" duration-ms="498" started-at="2018-04-19T12:55:56Z" finished-at="2018-04-19T12:55:57Z">
          <reporter-output>
          </reporter-output>
        </test-method> <!-- shutDownSelenium -->
      </class> <!-- executionEngine.DriverScript -->
    </test> <!-- chrome -->
    <test name="ie" duration-ms="100203" started-at="2018-04-19T07:25:57Z" finished-at="2018-04-19T07:27:37Z">
      <class name="executionEngine.DriverScript">
        <test-method status="PASS" signature="setupDriver(java.lang.String, java.lang.String, java.lang.String, java.lang.String, java.lang.String, java.lang.String, java.lang.String, java.lang.String, java.lang.String, java.lang.String, java.lang.String, java.lang.String, java.lang.String, java.lang.String, java.lang.String, java.lang.String, java.lang.String)[pri:0, instance:executionEngine.DriverScript@64729b1e]" name="setupDriver" is-config="true" duration-ms="52" started-at="2018-04-19T12:55:57Z" finished-at="2018-04-19T12:55:57Z">
          <params>
            <param index="0">
              <value>
                <![CDATA[web]]>
              </value>
            </param>
            <param index="1">
              <value>
                <![CDATA[ie]]>
              </value>
            </param>
            <param index="2">
              <value>
                <![CDATA[web]]>
              </value>
            </param>
            <param index="3">
              <value>
                <![CDATA[]]>
              </value>
            </param>
            <param index="4">
              <value>
                <![CDATA[]]>
              </value>
            </param>
            <param index="5">
              <value>
                <![CDATA[]]>
              </value>
            </param>
            <param index="6">
              <value>
                <![CDATA[GRID]]>
              </value>
            </param>
            <param index="7">
              <value>
                <![CDATA[]]>
              </value>
            </param>
            <param index="8">
              <value>
                <![CDATA[]]>
              </value>
            </param>
            <param index="9">
              <value>
                <![CDATA[]]>
              </value>
            </param>
            <param index="10">
              <value>
                <![CDATA[]]>
              </value>
            </param>
            <param index="11">
              <value>
                <![CDATA[]]>
              </value>
            </param>
            <param index="12">
              <value>
                <![CDATA[HYBRID]]>
              </value>
            </param>
            <param index="13">
              <value>
                <![CDATA[]]>
              </value>
            </param>
            <param index="14">
              <value>
                <![CDATA[]]>
              </value>
            </param>
            <param index="15">
              <value>
                <![CDATA[]]>
              </value>
            </param>
            <param index="16">
              <value>
                <![CDATA[]]>
              </value>
            </param>
          </params>
          <reporter-output>
          </reporter-output>
        </test-method> <!-- setupDriver -->
        <test-method status="PASS" signature="main_method()[pri:0, instance:executionEngine.DriverScript@64729b1e]" name="main_method" duration-ms="99740" started-at="2018-04-19T12:55:57Z" finished-at="2018-04-19T12:57:36Z">
          <reporter-output>
          </reporter-output>
        </test-method> <!-- main_method -->
        <test-method status="PASS" signature="shutDownSelenium()[pri:0, instance:executionEngine.DriverScript@64729b1e]" name="shutDownSelenium" is-config="true" duration-ms="409" started-at="2018-04-19T12:57:36Z" finished-at="2018-04-19T12:57:37Z">
          <reporter-output>
          </reporter-output>
        </test-method> <!-- shutDownSelenium -->
      </class> <!-- executionEngine.DriverScript -->
    </test> <!-- ie -->
    <test name="firefox" duration-ms="504" started-at="2018-04-19T07:27:37Z" finished-at="2018-04-19T07:27:37Z">
      <class name="executionEngine.DriverScript">
        <test-method status="PASS" signature="pre()[pri:0, instance:executionEngine.DriverScript@5a1c0542]" name="pre" is-config="true" duration-ms="6" started-at="2018-04-19T12:53:50Z" finished-at="2018-04-19T12:53:50Z">
          <reporter-output>
          </reporter-output>
        </test-method> <!-- pre -->
        <test-method status="PASS" signature="setupDriver(java.lang.String, java.lang.String, java.lang.String, java.lang.String, java.lang.String, java.lang.String, java.lang.String, java.lang.String, java.lang.String, java.lang.String, java.lang.String, java.lang.String, java.lang.String, java.lang.String, java.lang.String, java.lang.String, java.lang.String)[pri:0, instance:executionEngine.DriverScript@5a1c0542]" name="setupDriver" is-config="true" duration-ms="39" started-at="2018-04-19T12:57:37Z" finished-at="2018-04-19T12:57:37Z">
          <params>
            <param index="0">
              <value>
                <![CDATA[web]]>
              </value>
            </param>
            <param index="1">
              <value>
                <![CDATA[firefox]]>
              </value>
            </param>
            <param index="2">
              <value>
                <![CDATA[web]]>
              </value>
            </param>
            <param index="3">
              <value>
                <![CDATA[]]>
              </value>
            </param>
            <param index="4">
              <value>
                <![CDATA[]]>
              </value>
            </param>
            <param index="5">
              <value>
                <![CDATA[]]>
              </value>
            </param>
            <param index="6">
              <value>
                <![CDATA[GRID]]>
              </value>
            </param>
            <param index="7">
              <value>
                <![CDATA[]]>
              </value>
            </param>
            <param index="8">
              <value>
                <![CDATA[]]>
              </value>
            </param>
            <param index="9">
              <value>
                <![CDATA[]]>
              </value>
            </param>
            <param index="10">
              <value>
                <![CDATA[]]>
              </value>
            </param>
            <param index="11">
              <value>
                <![CDATA[]]>
              </value>
            </param>
            <param index="12">
              <value>
                <![CDATA[HYBRID]]>
              </value>
            </param>
            <param index="13">
              <value>
                <![CDATA[]]>
              </value>
            </param>
            <param index="14">
              <value>
                <![CDATA[]]>
              </value>
            </param>
            <param index="15">
              <value>
                <![CDATA[]]>
              </value>
            </param>
            <param index="16">
              <value>
                <![CDATA[]]>
              </value>
            </param>
          </params>
          <reporter-output>
          </reporter-output>
        </test-method> <!-- setupDriver -->
        <test-method status="PASS" signature="main_method()[pri:0, instance:executionEngine.DriverScript@5a1c0542]" name="main_method" duration-ms="41" started-at="2018-04-19T12:57:37Z" finished-at="2018-04-19T12:57:37Z">
          <reporter-output>
          </reporter-output>
        </test-method> <!-- main_method -->
        <test-method status="PASS" signature="shutDownSelenium()[pri:0, instance:executionEngine.DriverScript@5a1c0542]" name="shutDownSelenium" is-config="true" duration-ms="421" started-at="2018-04-19T12:57:37Z" finished-at="2018-04-19T12:57:37Z">
          <reporter-output>
          </reporter-output>
        </test-method> <!-- shutDownSelenium -->
      </class> <!-- executionEngine.DriverScript -->
    </test> <!-- firefox -->
  </suite> <!-- Suite -->
</testng-results>
